Error: Can't find /api/v1 on server! 
    at /home/kianaiio/public_html/nodejs/app.js:14:10
    at Layer.handle [as handle_request] (/home/kianaiio/nodevenv/public_html/nodejs/20/lib/node_modules/express/lib/router/layer.js:95:5)
    at next (/home/kianaiio/nodevenv/public_html/nodejs/20/lib/node_modules/express/lib/router/route.js:144:13)
    at Route.dispatch (/home/kianaiio/nodevenv/public_html/nodejs/20/lib/node_modules/express/lib/router/route.js:114:3)
    at Layer.handle [as handle_request] (/home/kianaiio/nodevenv/public_html/nodejs/20/lib/node_modules/express/lib/router/layer.js:95:5)
    at /home/kianaiio/nodevenv/public_html/nodejs/20/lib/node_modules/express/lib/router/index.js:284:15
    at param (/home/kianaiio/nodevenv/public_html/nodejs/20/lib/node_modules/express/lib/router/index.js:365:14)
    at param (/home/kianaiio/nodevenv/public_html/nodejs/20/lib/node_modules/express/lib/router/index.js:376:14)
    at Function.process_params (/home/kianaiio/nodevenv/public_html/nodejs/20/lib/node_modules/express/lib/router/index.js:421:3)
    at next (/home/kianaiio/nodevenv/public_html/nodejs/20/lib/node_modules/express/lib/router/index.js:280:10)
Error: Can't find /api/v1 on server! 
    at /home/kianaiio/public_html/nodejs/app.js:14:10
    at Layer.handle [as handle_request] (/home/kianaiio/nodevenv/public_html/nodejs/20/lib/node_modules/express/lib/router/layer.js:95:5)
    at next (/home/kianaiio/nodevenv/public_html/nodejs/20/lib/node_modules/express/lib/router/route.js:144:13)
    at Route.dispatch (/home/kianaiio/nodevenv/public_html/nodejs/20/lib/node_modules/express/lib/router/route.js:114:3)
    at Layer.handle [as handle_request] (/home/kianaiio/nodevenv/public_html/nodejs/20/lib/node_modules/express/lib/router/layer.js:95:5)
    at /home/kianaiio/nodevenv/public_html/nodejs/20/lib/node_modules/express/lib/router/index.js:284:15
    at param (/home/kianaiio/nodevenv/public_html/nodejs/20/lib/node_modules/express/lib/router/index.js:365:14)
    at param (/home/kianaiio/nodevenv/public_html/nodejs/20/lib/node_modules/express/lib/router/index.js:376:14)
    at Function.process_params (/home/kianaiio/nodevenv/public_html/nodejs/20/lib/node_modules/express/lib/router/index.js:421:3)
    at next (/home/kianaiio/nodevenv/public_html/nodejs/20/lib/node_modules/express/lib/router/index.js:280:10)
Error: Can't find /api/v1 on server! 
    at /home/kianaiio/public_html/nodejs/app.js:14:10
    at Layer.handle [as handle_request] (/home/kianaiio/nodevenv/public_html/nodejs/20/lib/node_modules/express/lib/router/layer.js:95:5)
    at next (/home/kianaiio/nodevenv/public_html/nodejs/20/lib/node_modules/express/lib/router/route.js:144:13)
    at Route.dispatch (/home/kianaiio/nodevenv/public_html/nodejs/20/lib/node_modules/express/lib/router/route.js:114:3)
    at Layer.handle [as handle_request] (/home/kianaiio/nodevenv/public_html/nodejs/20/lib/node_modules/express/lib/router/layer.js:95:5)
    at /home/kianaiio/nodevenv/public_html/nodejs/20/lib/node_modules/express/lib/router/index.js:284:15
    at param (/home/kianaiio/nodevenv/public_html/nodejs/20/lib/node_modules/express/lib/router/index.js:365:14)
    at param (/home/kianaiio/nodevenv/public_html/nodejs/20/lib/node_modules/express/lib/router/index.js:376:14)
    at Function.process_params (/home/kianaiio/nodevenv/public_html/nodejs/20/lib/node_modules/express/lib/router/index.js:421:3)
    at next (/home/kianaiio/nodevenv/public_html/nodejs/20/lib/node_modules/express/lib/router/index.js:280:10)
/home/kianaiio/nodevenv/public_html/nodejs/20/lib/node_modules/sequelize/lib/dialects/abstract/connection-manager.js:57
      throw err;
      ^

Error: open EEXIST
    at new Socket (node:net:428:13)
    at process.getStdin [as stdin] (node:internal/bootstrap/switches/is_main_thread:224:17)
    at get (<anonymous>)
    at getOwn (node:internal/bootstrap/realm:204:5)
    at BuiltinModule.syncExports (node:internal/bootstrap/realm:372:31)
    at ModuleWrap.<anonymous> (node:internal/bootstrap/realm:352:17)
    at BuiltinModule.getESMFacade (node:internal/bootstrap/realm:357:17)
    at BuiltinModule.compileForPublicLoader (node:internal/bootstrap/realm:335:10)
    at loadBuiltinModule (node:internal/modules/helpers:68:7)
    at Module._load (node:internal/modules/cjs/loader:916:17) {
  errno: -17,
  code: 'EEXIST',
  syscall: 'open'
}

Node.js v20.9.0
/home/kianaiio/nodevenv/public_html/nodejs/20/lib/node_modules/sequelize/lib/dialects/abstract/connection-manager.js:57
      throw err;
      ^

Error: open EEXIST
    at new Socket (node:net:428:13)
    at process.getStdin [as stdin] (node:internal/bootstrap/switches/is_main_thread:224:17)
    at get (<anonymous>)
    at getOwn (node:internal/bootstrap/realm:204:5)
    at BuiltinModule.syncExports (node:internal/bootstrap/realm:372:31)
    at ModuleWrap.<anonymous> (node:internal/bootstrap/realm:352:17)
    at BuiltinModule.getESMFacade (node:internal/bootstrap/realm:357:17)
    at BuiltinModule.compileForPublicLoader (node:internal/bootstrap/realm:335:10)
    at loadBuiltinModule (node:internal/modules/helpers:68:7)
    at Module._load (node:internal/modules/cjs/loader:916:17) {
  errno: -17,
  code: 'EEXIST',
  syscall: 'open'
}

Node.js v20.9.0
/home/kianaiio/nodevenv/public_html/nodejs/20/lib/node_modules/sequelize/lib/dialects/abstract/connection-manager.js:57
      throw err;
      ^

Error: open EEXIST
    at new Socket (node:net:428:13)
    at process.getStdin [as stdin] (node:internal/bootstrap/switches/is_main_thread:224:17)
    at get (<anonymous>)
    at getOwn (node:internal/bootstrap/realm:204:5)
    at BuiltinModule.syncExports (node:internal/bootstrap/realm:372:31)
    at ModuleWrap.<anonymous> (node:internal/bootstrap/realm:352:17)
    at BuiltinModule.getESMFacade (node:internal/bootstrap/realm:357:17)
    at BuiltinModule.compileForPublicLoader (node:internal/bootstrap/realm:335:10)
    at loadBuiltinModule (node:internal/modules/helpers:68:7)
    at Module._load (node:internal/modules/cjs/loader:916:17) {
  errno: -17,
  code: 'EEXIST',
  syscall: 'open'
}

Node.js v20.9.0
/home/kianaiio/nodevenv/public_html/nodejs/20/lib/node_modules/sequelize/lib/dialects/abstract/connection-manager.js:57
      throw err;
      ^

Error: open EEXIST
    at new Socket (node:net:428:13)
    at process.getStdin [as stdin] (node:internal/bootstrap/switches/is_main_thread:224:17)
    at get (<anonymous>)
    at getOwn (node:internal/bootstrap/realm:204:5)
    at BuiltinModule.syncExports (node:internal/bootstrap/realm:372:31)
    at ModuleWrap.<anonymous> (node:internal/bootstrap/realm:352:17)
    at BuiltinModule.getESMFacade (node:internal/bootstrap/realm:357:17)
    at BuiltinModule.compileForPublicLoader (node:internal/bootstrap/realm:335:10)
    at loadBuiltinModule (node:internal/modules/helpers:68:7)
    at Module._load (node:internal/modules/cjs/loader:916:17) {
  errno: -17,
  code: 'EEXIST',
  syscall: 'open'
}

Node.js v20.9.0
/home/kianaiio/nodevenv/public_html/nodejs/20/lib/node_modules/sequelize/lib/dialects/abstract/connection-manager.js:57
      throw err;
      ^

Error: open EEXIST
    at new Socket (node:net:428:13)
    at process.getStdin [as stdin] (node:internal/bootstrap/switches/is_main_thread:224:17)
    at get (<anonymous>)
    at getOwn (node:internal/bootstrap/realm:204:5)
    at BuiltinModule.syncExports (node:internal/bootstrap/realm:372:31)
    at ModuleWrap.<anonymous> (node:internal/bootstrap/realm:352:17)
    at BuiltinModule.getESMFacade (node:internal/bootstrap/realm:357:17)
    at BuiltinModule.compileForPublicLoader (node:internal/bootstrap/realm:335:10)
    at loadBuiltinModule (node:internal/modules/helpers:68:7)
    at Module._load (node:internal/modules/cjs/loader:916:17) {
  errno: -17,
  code: 'EEXIST',
  syscall: 'open'
}

Node.js v20.9.0
node:internal/modules/cjs/loader:1051
  throw err;
  ^

Error: Cannot find module 'dotenv'
Require stack:
- /home/kianaiio/kianai99.shop/nodejs/app.js
- /usr/local/lsws/fcgi-bin/lsnode.js
    at Module._resolveFilename (node:internal/modules/cjs/loader:1048:15)
    at Module._load (node:internal/modules/cjs/loader:901:27)
    at Module.require (node:internal/modules/cjs/loader:1115:19)
    at require (node:internal/modules/helpers:130:18)
    at Object.<anonymous> (/home/kianaiio/kianai99.shop/nodejs/app.js:1:16)
    at Module._compile (node:internal/modules/cjs/loader:1241:14)
    at Module._extensions..js (node:internal/modules/cjs/loader:1295:10)
    at Module.load (node:internal/modules/cjs/loader:1091:32)
    at Module._load (node:internal/modules/cjs/loader:938:12)
    at Module.require (node:internal/modules/cjs/loader:1115:19) {
  code: 'MODULE_NOT_FOUND',
  requireStack: [
    '/home/kianaiio/kianai99.shop/nodejs/app.js',
    '/usr/local/lsws/fcgi-bin/lsnode.js'
  ]
}

Node.js v20.9.0
node:internal/modules/cjs/loader:1051
  throw err;
  ^

Error: Cannot find module 'dotenv'
Require stack:
- /home/kianaiio/kianai99.shop/nodejs/app.js
- /usr/local/lsws/fcgi-bin/lsnode.js
    at Module._resolveFilename (node:internal/modules/cjs/loader:1048:15)
    at Module._load (node:internal/modules/cjs/loader:901:27)
    at Module.require (node:internal/modules/cjs/loader:1115:19)
    at require (node:internal/modules/helpers:130:18)
    at Object.<anonymous> (/home/kianaiio/kianai99.shop/nodejs/app.js:1:16)
    at Module._compile (node:internal/modules/cjs/loader:1241:14)
    at Module._extensions..js (node:internal/modules/cjs/loader:1295:10)
    at Module.load (node:internal/modules/cjs/loader:1091:32)
    at Module._load (node:internal/modules/cjs/loader:938:12)
    at Module.require (node:internal/modules/cjs/loader:1115:19) {
  code: 'MODULE_NOT_FOUND',
  requireStack: [
    '/home/kianaiio/kianai99.shop/nodejs/app.js',
    '/usr/local/lsws/fcgi-bin/lsnode.js'
  ]
}

Node.js v20.9.0
node:internal/modules/cjs/loader:1051
  throw err;
  ^

Error: Cannot find module 'dotenv'
Require stack:
- /home/kianaiio/kianai99.shop/nodejs/app.js
- /usr/local/lsws/fcgi-bin/lsnode.js
    at Module._resolveFilename (node:internal/modules/cjs/loader:1048:15)
    at Module._load (node:internal/modules/cjs/loader:901:27)
    at Module.require (node:internal/modules/cjs/loader:1115:19)
    at require (node:internal/modules/helpers:130:18)
    at Object.<anonymous> (/home/kianaiio/kianai99.shop/nodejs/app.js:1:16)
    at Module._compile (node:internal/modules/cjs/loader:1241:14)
    at Module._extensions..js (node:internal/modules/cjs/loader:1295:10)
    at Module.load (node:internal/modules/cjs/loader:1091:32)
    at Module._load (node:internal/modules/cjs/loader:938:12)
    at Module.require (node:internal/modules/cjs/loader:1115:19) {
  code: 'MODULE_NOT_FOUND',
  requireStack: [
    '/home/kianaiio/kianai99.shop/nodejs/app.js',
    '/usr/local/lsws/fcgi-bin/lsnode.js'
  ]
}

Node.js v20.9.0
node:internal/modules/cjs/loader:1051
  throw err;
  ^

Error: Cannot find module 'dotenv'
Require stack:
- /home/kianaiio/kianai99.shop/nodejs/app.js
- /usr/local/lsws/fcgi-bin/lsnode.js
    at Module._resolveFilename (node:internal/modules/cjs/loader:1048:15)
    at Module._load (node:internal/modules/cjs/loader:901:27)
    at Module.require (node:internal/modules/cjs/loader:1115:19)
    at require (node:internal/modules/helpers:130:18)
    at Object.<anonymous> (/home/kianaiio/kianai99.shop/nodejs/app.js:1:16)
    at Module._compile (node:internal/modules/cjs/loader:1241:14)
    at Module._extensions..js (node:internal/modules/cjs/loader:1295:10)
    at Module.load (node:internal/modules/cjs/loader:1091:32)
    at Module._load (node:internal/modules/cjs/loader:938:12)
    at Module.require (node:internal/modules/cjs/loader:1115:19) {
  code: 'MODULE_NOT_FOUND',
  requireStack: [
    '/home/kianaiio/kianai99.shop/nodejs/app.js',
    '/usr/local/lsws/fcgi-bin/lsnode.js'
  ]
}

Node.js v20.9.0
node:internal/modules/cjs/loader:1051
  throw err;
  ^

Error: Cannot find module 'dotenv'
Require stack:
- /home/kianaiio/kianai99.shop/nodejs/app.js
- /usr/local/lsws/fcgi-bin/lsnode.js
    at Module._resolveFilename (node:internal/modules/cjs/loader:1048:15)
    at Module._load (node:internal/modules/cjs/loader:901:27)
    at Module.require (node:internal/modules/cjs/loader:1115:19)
    at require (node:internal/modules/helpers:130:18)
    at Object.<anonymous> (/home/kianaiio/kianai99.shop/nodejs/app.js:1:16)
    at Module._compile (node:internal/modules/cjs/loader:1241:14)
    at Module._extensions..js (node:internal/modules/cjs/loader:1295:10)
    at Module.load (node:internal/modules/cjs/loader:1091:32)
    at Module._load (node:internal/modules/cjs/loader:938:12)
    at Module.require (node:internal/modules/cjs/loader:1115:19) {
  code: 'MODULE_NOT_FOUND',
  requireStack: [
    '/home/kianaiio/kianai99.shop/nodejs/app.js',
    '/usr/local/lsws/fcgi-bin/lsnode.js'
  ]
}

Node.js v20.9.0
node:internal/modules/cjs/loader:1051
  throw err;
  ^

Error: Cannot find module 'express'
Require stack:
- /home/kianaiio/kianai99.shop/nodejs/app.js
- /usr/local/lsws/fcgi-bin/lsnode.js
    at Module._resolveFilename (node:internal/modules/cjs/loader:1048:15)
    at Module._load (node:internal/modules/cjs/loader:901:27)
    at Module.require (node:internal/modules/cjs/loader:1115:19)
    at require (node:internal/modules/helpers:130:18)
    at Object.<anonymous> (/home/kianaiio/kianai99.shop/nodejs/app.js:3:17)
    at Module._compile (node:internal/modules/cjs/loader:1241:14)
    at Module._extensions..js (node:internal/modules/cjs/loader:1295:10)
    at Module.load (node:internal/modules/cjs/loader:1091:32)
    at Module._load (node:internal/modules/cjs/loader:938:12)
    at Module.require (node:internal/modules/cjs/loader:1115:19) {
  code: 'MODULE_NOT_FOUND',
  requireStack: [
    '/home/kianaiio/kianai99.shop/nodejs/app.js',
    '/usr/local/lsws/fcgi-bin/lsnode.js'
  ]
}

Node.js v20.9.0
node:internal/modules/cjs/loader:1051
  throw err;
  ^

Error: Cannot find module 'express'
Require stack:
- /home/kianaiio/kianai99.shop/nodejs/app.js
- /usr/local/lsws/fcgi-bin/lsnode.js
    at Module._resolveFilename (node:internal/modules/cjs/loader:1048:15)
    at Module._load (node:internal/modules/cjs/loader:901:27)
    at Module.require (node:internal/modules/cjs/loader:1115:19)
    at require (node:internal/modules/helpers:130:18)
    at Object.<anonymous> (/home/kianaiio/kianai99.shop/nodejs/app.js:3:17)
    at Module._compile (node:internal/modules/cjs/loader:1241:14)
    at Module._extensions..js (node:internal/modules/cjs/loader:1295:10)
    at Module.load (node:internal/modules/cjs/loader:1091:32)
    at Module._load (node:internal/modules/cjs/loader:938:12)
    at Module.require (node:internal/modules/cjs/loader:1115:19) {
  code: 'MODULE_NOT_FOUND',
  requireStack: [
    '/home/kianaiio/kianai99.shop/nodejs/app.js',
    '/usr/local/lsws/fcgi-bin/lsnode.js'
  ]
}

Node.js v20.9.0
node:internal/modules/cjs/loader:1051
  throw err;
  ^

Error: Cannot find module 'express'
Require stack:
- /home/kianaiio/kianai99.shop/nodejs/app.js
- /usr/local/lsws/fcgi-bin/lsnode.js
    at Module._resolveFilename (node:internal/modules/cjs/loader:1048:15)
    at Module._load (node:internal/modules/cjs/loader:901:27)
    at Module.require (node:internal/modules/cjs/loader:1115:19)
    at require (node:internal/modules/helpers:130:18)
    at Object.<anonymous> (/home/kianaiio/kianai99.shop/nodejs/app.js:3:17)
    at Module._compile (node:internal/modules/cjs/loader:1241:14)
    at Module._extensions..js (node:internal/modules/cjs/loader:1295:10)
    at Module.load (node:internal/modules/cjs/loader:1091:32)
    at Module._load (node:internal/modules/cjs/loader:938:12)
    at Module.require (node:internal/modules/cjs/loader:1115:19) {
  code: 'MODULE_NOT_FOUND',
  requireStack: [
    '/home/kianaiio/kianai99.shop/nodejs/app.js',
    '/usr/local/lsws/fcgi-bin/lsnode.js'
  ]
}

Node.js v20.9.0
node:internal/modules/cjs/loader:1051
  throw err;
  ^

Error: Cannot find module 'express'
Require stack:
- /home/kianaiio/kianai99.shop/nodejs/app.js
- /usr/local/lsws/fcgi-bin/lsnode.js
    at Module._resolveFilename (node:internal/modules/cjs/loader:1048:15)
    at Module._load (node:internal/modules/cjs/loader:901:27)
    at Module.require (node:internal/modules/cjs/loader:1115:19)
    at require (node:internal/modules/helpers:130:18)
    at Object.<anonymous> (/home/kianaiio/kianai99.shop/nodejs/app.js:3:17)
    at Module._compile (node:internal/modules/cjs/loader:1241:14)
    at Module._extensions..js (node:internal/modules/cjs/loader:1295:10)
    at Module.load (node:internal/modules/cjs/loader:1091:32)
    at Module._load (node:internal/modules/cjs/loader:938:12)
    at Module.require (node:internal/modules/cjs/loader:1115:19) {
  code: 'MODULE_NOT_FOUND',
  requireStack: [
    '/home/kianaiio/kianai99.shop/nodejs/app.js',
    '/usr/local/lsws/fcgi-bin/lsnode.js'
  ]
}

Node.js v20.9.0
node:internal/modules/cjs/loader:1051
  throw err;
  ^

Error: Cannot find module 'express'
Require stack:
- /home/kianaiio/kianai99.shop/nodejs/app.js
- /usr/local/lsws/fcgi-bin/lsnode.js
    at Module._resolveFilename (node:internal/modules/cjs/loader:1048:15)
    at Module._load (node:internal/modules/cjs/loader:901:27)
    at Module.require (node:internal/modules/cjs/loader:1115:19)
    at require (node:internal/modules/helpers:130:18)
    at Object.<anonymous> (/home/kianaiio/kianai99.shop/nodejs/app.js:3:17)
    at Module._compile (node:internal/modules/cjs/loader:1241:14)
    at Module._extensions..js (node:internal/modules/cjs/loader:1295:10)
    at Module.load (node:internal/modules/cjs/loader:1091:32)
    at Module._load (node:internal/modules/cjs/loader:938:12)
    at Module.require (node:internal/modules/cjs/loader:1115:19) {
  code: 'MODULE_NOT_FOUND',
  requireStack: [
    '/home/kianaiio/kianai99.shop/nodejs/app.js',
    '/usr/local/lsws/fcgi-bin/lsnode.js'
  ]
}

Node.js v20.9.0
node:internal/modules/cjs/loader:1051
  throw err;
  ^

Error: Cannot find module 'express'
Require stack:
- /home/kianaiio/kianai99.shop/nodejs/app.js
- /usr/local/lsws/fcgi-bin/lsnode.js
    at Module._resolveFilename (node:internal/modules/cjs/loader:1048:15)
    at Module._load (node:internal/modules/cjs/loader:901:27)
    at Module.require (node:internal/modules/cjs/loader:1115:19)
    at require (node:internal/modules/helpers:130:18)
    at Object.<anonymous> (/home/kianaiio/kianai99.shop/nodejs/app.js:3:17)
    at Module._compile (node:internal/modules/cjs/loader:1241:14)
    at Module._extensions..js (node:internal/modules/cjs/loader:1295:10)
    at Module.load (node:internal/modules/cjs/loader:1091:32)
    at Module._load (node:internal/modules/cjs/loader:938:12)
    at Module.require (node:internal/modules/cjs/loader:1115:19) {
  code: 'MODULE_NOT_FOUND',
  requireStack: [
    '/home/kianaiio/kianai99.shop/nodejs/app.js',
    '/usr/local/lsws/fcgi-bin/lsnode.js'
  ]
}

Node.js v20.9.0
node:internal/modules/cjs/loader:1051
  throw err;
  ^

Error: Cannot find module 'express'
Require stack:
- /home/kianaiio/kianai99.shop/nodejs/app.js
- /usr/local/lsws/fcgi-bin/lsnode.js
    at Module._resolveFilename (node:internal/modules/cjs/loader:1048:15)
    at Module._load (node:internal/modules/cjs/loader:901:27)
    at Module.require (node:internal/modules/cjs/loader:1115:19)
    at require (node:internal/modules/helpers:130:18)
    at Object.<anonymous> (/home/kianaiio/kianai99.shop/nodejs/app.js:3:17)
    at Module._compile (node:internal/modules/cjs/loader:1241:14)
    at Module._extensions..js (node:internal/modules/cjs/loader:1295:10)
    at Module.load (node:internal/modules/cjs/loader:1091:32)
    at Module._load (node:internal/modules/cjs/loader:938:12)
    at Module.require (node:internal/modules/cjs/loader:1115:19) {
  code: 'MODULE_NOT_FOUND',
  requireStack: [
    '/home/kianaiio/kianai99.shop/nodejs/app.js',
    '/usr/local/lsws/fcgi-bin/lsnode.js'
  ]
}

Node.js v20.9.0
node:internal/modules/cjs/loader:1051
  throw err;
  ^

Error: Cannot find module 'express'
Require stack:
- /home/kianaiio/kianai99.shop/nodejs/app.js
- /usr/local/lsws/fcgi-bin/lsnode.js
    at Module._resolveFilename (node:internal/modules/cjs/loader:1048:15)
    at Module._load (node:internal/modules/cjs/loader:901:27)
    at Module.require (node:internal/modules/cjs/loader:1115:19)
    at require (node:internal/modules/helpers:130:18)
    at Object.<anonymous> (/home/kianaiio/kianai99.shop/nodejs/app.js:3:17)
    at Module._compile (node:internal/modules/cjs/loader:1241:14)
    at Module._extensions..js (node:internal/modules/cjs/loader:1295:10)
    at Module.load (node:internal/modules/cjs/loader:1091:32)
    at Module._load (node:internal/modules/cjs/loader:938:12)
    at Module.require (node:internal/modules/cjs/loader:1115:19) {
  code: 'MODULE_NOT_FOUND',
  requireStack: [
    '/home/kianaiio/kianai99.shop/nodejs/app.js',
    '/usr/local/lsws/fcgi-bin/lsnode.js'
  ]
}

Node.js v20.9.0
node:internal/modules/cjs/loader:1051
  throw err;
  ^

Error: Cannot find module 'express'
Require stack:
- /home/kianaiio/kianai99.shop/nodejs/app.js
- /usr/local/lsws/fcgi-bin/lsnode.js
    at Module._resolveFilename (node:internal/modules/cjs/loader:1048:15)
    at Module._load (node:internal/modules/cjs/loader:901:27)
    at Module.require (node:internal/modules/cjs/loader:1115:19)
    at require (node:internal/modules/helpers:130:18)
    at Object.<anonymous> (/home/kianaiio/kianai99.shop/nodejs/app.js:3:17)
    at Module._compile (node:internal/modules/cjs/loader:1241:14)
    at Module._extensions..js (node:internal/modules/cjs/loader:1295:10)
    at Module.load (node:internal/modules/cjs/loader:1091:32)
    at Module._load (node:internal/modules/cjs/loader:938:12)
    at Module.require (node:internal/modules/cjs/loader:1115:19) {
  code: 'MODULE_NOT_FOUND',
  requireStack: [
    '/home/kianaiio/kianai99.shop/nodejs/app.js',
    '/usr/local/lsws/fcgi-bin/lsnode.js'
  ]
}

Node.js v20.9.0
node:internal/modules/cjs/loader:1051
  throw err;
  ^

Error: Cannot find module 'express'
Require stack:
- /home/kianaiio/kianai99.shop/nodejs/app.js
- /usr/local/lsws/fcgi-bin/lsnode.js
    at Module._resolveFilename (node:internal/modules/cjs/loader:1048:15)
    at Module._load (node:internal/modules/cjs/loader:901:27)
    at Module.require (node:internal/modules/cjs/loader:1115:19)
    at require (node:internal/modules/helpers:130:18)
    at Object.<anonymous> (/home/kianaiio/kianai99.shop/nodejs/app.js:3:17)
    at Module._compile (node:internal/modules/cjs/loader:1241:14)
    at Module._extensions..js (node:internal/modules/cjs/loader:1295:10)
    at Module.load (node:internal/modules/cjs/loader:1091:32)
    at Module._load (node:internal/modules/cjs/loader:938:12)
    at Module.require (node:internal/modules/cjs/loader:1115:19) {
  code: 'MODULE_NOT_FOUND',
  requireStack: [
    '/home/kianaiio/kianai99.shop/nodejs/app.js',
    '/usr/local/lsws/fcgi-bin/lsnode.js'
  ]
}

Node.js v20.9.0
node:internal/modules/cjs/loader:1051
  throw err;
  ^

Error: Cannot find module 'express'
Require stack:
- /home/kianaiio/kianai99.shop/nodejs/app.js
- /usr/local/lsws/fcgi-bin/lsnode.js
    at Module._resolveFilename (node:internal/modules/cjs/loader:1048:15)
    at Module._load (node:internal/modules/cjs/loader:901:27)
    at Module.require (node:internal/modules/cjs/loader:1115:19)
    at require (node:internal/modules/helpers:130:18)
    at Object.<anonymous> (/home/kianaiio/kianai99.shop/nodejs/app.js:3:17)
    at Module._compile (node:internal/modules/cjs/loader:1241:14)
    at Module._extensions..js (node:internal/modules/cjs/loader:1295:10)
    at Module.load (node:internal/modules/cjs/loader:1091:32)
    at Module._load (node:internal/modules/cjs/loader:938:12)
    at Module.require (node:internal/modules/cjs/loader:1115:19) {
  code: 'MODULE_NOT_FOUND',
  requireStack: [
    '/home/kianaiio/kianai99.shop/nodejs/app.js',
    '/usr/local/lsws/fcgi-bin/lsnode.js'
  ]
}

Node.js v20.9.0
node:internal/modules/cjs/loader:1051
  throw err;
  ^

Error: Cannot find module 'express'
Require stack:
- /home/kianaiio/kianai99.shop/nodejs/app.js
- /usr/local/lsws/fcgi-bin/lsnode.js
    at Module._resolveFilename (node:internal/modules/cjs/loader:1048:15)
    at Module._load (node:internal/modules/cjs/loader:901:27)
    at Module.require (node:internal/modules/cjs/loader:1115:19)
    at require (node:internal/modules/helpers:130:18)
    at Object.<anonymous> (/home/kianaiio/kianai99.shop/nodejs/app.js:3:17)
    at Module._compile (node:internal/modules/cjs/loader:1241:14)
    at Module._extensions..js (node:internal/modules/cjs/loader:1295:10)
    at Module.load (node:internal/modules/cjs/loader:1091:32)
    at Module._load (node:internal/modules/cjs/loader:938:12)
    at Module.require (node:internal/modules/cjs/loader:1115:19) {
  code: 'MODULE_NOT_FOUND',
  requireStack: [
    '/home/kianaiio/kianai99.shop/nodejs/app.js',
    '/usr/local/lsws/fcgi-bin/lsnode.js'
  ]
}

Node.js v20.9.0
node:internal/modules/cjs/loader:1051
  throw err;
  ^

Error: Cannot find module 'express'
Require stack:
- /home/kianaiio/kianai99.shop/nodejs/app.js
- /usr/local/lsws/fcgi-bin/lsnode.js
    at Module._resolveFilename (node:internal/modules/cjs/loader:1048:15)
    at Module._load (node:internal/modules/cjs/loader:901:27)
    at Module.require (node:internal/modules/cjs/loader:1115:19)
    at require (node:internal/modules/helpers:130:18)
    at Object.<anonymous> (/home/kianaiio/kianai99.shop/nodejs/app.js:3:17)
    at Module._compile (node:internal/modules/cjs/loader:1241:14)
    at Module._extensions..js (node:internal/modules/cjs/loader:1295:10)
    at Module.load (node:internal/modules/cjs/loader:1091:32)
    at Module._load (node:internal/modules/cjs/loader:938:12)
    at Module.require (node:internal/modules/cjs/loader:1115:19) {
  code: 'MODULE_NOT_FOUND',
  requireStack: [
    '/home/kianaiio/kianai99.shop/nodejs/app.js',
    '/usr/local/lsws/fcgi-bin/lsnode.js'
  ]
}

Node.js v20.9.0
node:internal/modules/cjs/loader:1051
  throw err;
  ^

Error: Cannot find module 'express'
Require stack:
- /home/kianaiio/kianai99.shop/nodejs/app.js
- /usr/local/lsws/fcgi-bin/lsnode.js
    at Module._resolveFilename (node:internal/modules/cjs/loader:1048:15)
    at Module._load (node:internal/modules/cjs/loader:901:27)
    at Module.require (node:internal/modules/cjs/loader:1115:19)
    at require (node:internal/modules/helpers:130:18)
    at Object.<anonymous> (/home/kianaiio/kianai99.shop/nodejs/app.js:3:17)
    at Module._compile (node:internal/modules/cjs/loader:1241:14)
    at Module._extensions..js (node:internal/modules/cjs/loader:1295:10)
    at Module.load (node:internal/modules/cjs/loader:1091:32)
    at Module._load (node:internal/modules/cjs/loader:938:12)
    at Module.require (node:internal/modules/cjs/loader:1115:19) {
  code: 'MODULE_NOT_FOUND',
  requireStack: [
    '/home/kianaiio/kianai99.shop/nodejs/app.js',
    '/usr/local/lsws/fcgi-bin/lsnode.js'
  ]
}

Node.js v20.9.0
node:internal/modules/cjs/loader:1051
  throw err;
  ^

Error: Cannot find module 'express'
Require stack:
- /home/kianaiio/kianai99.shop/nodejs/app.js
- /usr/local/lsws/fcgi-bin/lsnode.js
    at Module._resolveFilename (node:internal/modules/cjs/loader:1048:15)
    at Module._load (node:internal/modules/cjs/loader:901:27)
    at Module.require (node:internal/modules/cjs/loader:1115:19)
    at require (node:internal/modules/helpers:130:18)
    at Object.<anonymous> (/home/kianaiio/kianai99.shop/nodejs/app.js:3:17)
    at Module._compile (node:internal/modules/cjs/loader:1241:14)
    at Module._extensions..js (node:internal/modules/cjs/loader:1295:10)
    at Module.load (node:internal/modules/cjs/loader:1091:32)
    at Module._load (node:internal/modules/cjs/loader:938:12)
    at Module.require (node:internal/modules/cjs/loader:1115:19) {
  code: 'MODULE_NOT_FOUND',
  requireStack: [
    '/home/kianaiio/kianai99.shop/nodejs/app.js',
    '/usr/local/lsws/fcgi-bin/lsnode.js'
  ]
}

Node.js v20.9.0
node:internal/modules/cjs/loader:1051
  throw err;
  ^

Error: Cannot find module 'express'
Require stack:
- /home/kianaiio/kianai99.shop/nodejs/app.js
- /usr/local/lsws/fcgi-bin/lsnode.js
    at Module._resolveFilename (node:internal/modules/cjs/loader:1048:15)
    at Module._load (node:internal/modules/cjs/loader:901:27)
    at Module.require (node:internal/modules/cjs/loader:1115:19)
    at require (node:internal/modules/helpers:130:18)
    at Object.<anonymous> (/home/kianaiio/kianai99.shop/nodejs/app.js:3:17)
    at Module._compile (node:internal/modules/cjs/loader:1241:14)
    at Module._extensions..js (node:internal/modules/cjs/loader:1295:10)
    at Module.load (node:internal/modules/cjs/loader:1091:32)
    at Module._load (node:internal/modules/cjs/loader:938:12)
    at Module.require (node:internal/modules/cjs/loader:1115:19) {
  code: 'MODULE_NOT_FOUND',
  requireStack: [
    '/home/kianaiio/kianai99.shop/nodejs/app.js',
    '/usr/local/lsws/fcgi-bin/lsnode.js'
  ]
}

Node.js v20.9.0
node:internal/modules/cjs/loader:1051
  throw err;
  ^

Error: Cannot find module 'express'
Require stack:
- /home/kianaiio/kianai99.shop/nodejs/app.js
- /usr/local/lsws/fcgi-bin/lsnode.js
    at Module._resolveFilename (node:internal/modules/cjs/loader:1048:15)
    at Module._load (node:internal/modules/cjs/loader:901:27)
    at Module.require (node:internal/modules/cjs/loader:1115:19)
    at require (node:internal/modules/helpers:130:18)
    at Object.<anonymous> (/home/kianaiio/kianai99.shop/nodejs/app.js:3:17)
    at Module._compile (node:internal/modules/cjs/loader:1241:14)
    at Module._extensions..js (node:internal/modules/cjs/loader:1295:10)
    at Module.load (node:internal/modules/cjs/loader:1091:32)
    at Module._load (node:internal/modules/cjs/loader:938:12)
    at Module.require (node:internal/modules/cjs/loader:1115:19) {
  code: 'MODULE_NOT_FOUND',
  requireStack: [
    '/home/kianaiio/kianai99.shop/nodejs/app.js',
    '/usr/local/lsws/fcgi-bin/lsnode.js'
  ]
}

Node.js v20.9.0
node:internal/modules/cjs/loader:1051
  throw err;
  ^

Error: Cannot find module 'express'
Require stack:
- /home/kianaiio/kianai99.shop/nodejs/app.js
- /usr/local/lsws/fcgi-bin/lsnode.js
    at Module._resolveFilename (node:internal/modules/cjs/loader:1048:15)
    at Module._load (node:internal/modules/cjs/loader:901:27)
    at Module.require (node:internal/modules/cjs/loader:1115:19)
    at require (node:internal/modules/helpers:130:18)
    at Object.<anonymous> (/home/kianaiio/kianai99.shop/nodejs/app.js:3:17)
    at Module._compile (node:internal/modules/cjs/loader:1241:14)
    at Module._extensions..js (node:internal/modules/cjs/loader:1295:10)
    at Module.load (node:internal/modules/cjs/loader:1091:32)
    at Module._load (node:internal/modules/cjs/loader:938:12)
    at Module.require (node:internal/modules/cjs/loader:1115:19) {
  code: 'MODULE_NOT_FOUND',
  requireStack: [
    '/home/kianaiio/kianai99.shop/nodejs/app.js',
    '/usr/local/lsws/fcgi-bin/lsnode.js'
  ]
}

Node.js v20.9.0
node:internal/modules/cjs/loader:1051
  throw err;
  ^

Error: Cannot find module 'express'
Require stack:
- /home/kianaiio/kianai99.shop/nodejs/app.js
- /usr/local/lsws/fcgi-bin/lsnode.js
    at Module._resolveFilename (node:internal/modules/cjs/loader:1048:15)
    at Module._load (node:internal/modules/cjs/loader:901:27)
    at Module.require (node:internal/modules/cjs/loader:1115:19)
    at require (node:internal/modules/helpers:130:18)
    at Object.<anonymous> (/home/kianaiio/kianai99.shop/nodejs/app.js:3:17)
    at Module._compile (node:internal/modules/cjs/loader:1241:14)
    at Module._extensions..js (node:internal/modules/cjs/loader:1295:10)
    at Module.load (node:internal/modules/cjs/loader:1091:32)
    at Module._load (node:internal/modules/cjs/loader:938:12)
    at Module.require (node:internal/modules/cjs/loader:1115:19) {
  code: 'MODULE_NOT_FOUND',
  requireStack: [
    '/home/kianaiio/kianai99.shop/nodejs/app.js',
    '/usr/local/lsws/fcgi-bin/lsnode.js'
  ]
}

Node.js v20.9.0
node:internal/modules/cjs/loader:1051
  throw err;
  ^

Error: Cannot find module 'express'
Require stack:
- /home/kianaiio/kianai99.shop/nodejs/app.js
- /usr/local/lsws/fcgi-bin/lsnode.js
    at Module._resolveFilename (node:internal/modules/cjs/loader:1048:15)
    at Module._load (node:internal/modules/cjs/loader:901:27)
    at Module.require (node:internal/modules/cjs/loader:1115:19)
    at require (node:internal/modules/helpers:130:18)
    at Object.<anonymous> (/home/kianaiio/kianai99.shop/nodejs/app.js:3:17)
    at Module._compile (node:internal/modules/cjs/loader:1241:14)
    at Module._extensions..js (node:internal/modules/cjs/loader:1295:10)
    at Module.load (node:internal/modules/cjs/loader:1091:32)
    at Module._load (node:internal/modules/cjs/loader:938:12)
    at Module.require (node:internal/modules/cjs/loader:1115:19) {
  code: 'MODULE_NOT_FOUND',
  requireStack: [
    '/home/kianaiio/kianai99.shop/nodejs/app.js',
    '/usr/local/lsws/fcgi-bin/lsnode.js'
  ]
}

Node.js v20.9.0
node:internal/modules/cjs/loader:1051
  throw err;
  ^

Error: Cannot find module 'express'
Require stack:
- /home/kianaiio/kianai99.shop/nodejs/app.js
- /usr/local/lsws/fcgi-bin/lsnode.js
    at Module._resolveFilename (node:internal/modules/cjs/loader:1048:15)
    at Module._load (node:internal/modules/cjs/loader:901:27)
    at Module.require (node:internal/modules/cjs/loader:1115:19)
    at require (node:internal/modules/helpers:130:18)
    at Object.<anonymous> (/home/kianaiio/kianai99.shop/nodejs/app.js:3:17)
    at Module._compile (node:internal/modules/cjs/loader:1241:14)
    at Module._extensions..js (node:internal/modules/cjs/loader:1295:10)
    at Module.load (node:internal/modules/cjs/loader:1091:32)
    at Module._load (node:internal/modules/cjs/loader:938:12)
    at Module.require (node:internal/modules/cjs/loader:1115:19) {
  code: 'MODULE_NOT_FOUND',
  requireStack: [
    '/home/kianaiio/kianai99.shop/nodejs/app.js',
    '/usr/local/lsws/fcgi-bin/lsnode.js'
  ]
}

Node.js v20.9.0
node:internal/modules/cjs/loader:1051
  throw err;
  ^

Error: Cannot find module 'express'
Require stack:
- /home/kianaiio/kianai99.shop/nodejs/app.js
- /usr/local/lsws/fcgi-bin/lsnode.js
    at Module._resolveFilename (node:internal/modules/cjs/loader:1048:15)
    at Module._load (node:internal/modules/cjs/loader:901:27)
    at Module.require (node:internal/modules/cjs/loader:1115:19)
    at require (node:internal/modules/helpers:130:18)
    at Object.<anonymous> (/home/kianaiio/kianai99.shop/nodejs/app.js:3:17)
    at Module._compile (node:internal/modules/cjs/loader:1241:14)
    at Module._extensions..js (node:internal/modules/cjs/loader:1295:10)
    at Module.load (node:internal/modules/cjs/loader:1091:32)
    at Module._load (node:internal/modules/cjs/loader:938:12)
    at Module.require (node:internal/modules/cjs/loader:1115:19) {
  code: 'MODULE_NOT_FOUND',
  requireStack: [
    '/home/kianaiio/kianai99.shop/nodejs/app.js',
    '/usr/local/lsws/fcgi-bin/lsnode.js'
  ]
}

Node.js v20.9.0
node:internal/modules/cjs/loader:1051
  throw err;
  ^

Error: Cannot find module 'express'
Require stack:
- /home/kianaiio/kianai99.shop/nodejs/app.js
- /usr/local/lsws/fcgi-bin/lsnode.js
    at Module._resolveFilename (node:internal/modules/cjs/loader:1048:15)
    at Module._load (node:internal/modules/cjs/loader:901:27)
    at Module.require (node:internal/modules/cjs/loader:1115:19)
    at require (node:internal/modules/helpers:130:18)
    at Object.<anonymous> (/home/kianaiio/kianai99.shop/nodejs/app.js:3:17)
    at Module._compile (node:internal/modules/cjs/loader:1241:14)
    at Module._extensions..js (node:internal/modules/cjs/loader:1295:10)
    at Module.load (node:internal/modules/cjs/loader:1091:32)
    at Module._load (node:internal/modules/cjs/loader:938:12)
    at Module.require (node:internal/modules/cjs/loader:1115:19) {
  code: 'MODULE_NOT_FOUND',
  requireStack: [
    '/home/kianaiio/kianai99.shop/nodejs/app.js',
    '/usr/local/lsws/fcgi-bin/lsnode.js'
  ]
}

Node.js v20.9.0
node:internal/modules/cjs/loader:1051
  throw err;
  ^

Error: Cannot find module 'express'
Require stack:
- /home/kianaiio/public_html/nodejs/app.js
- /usr/local/lsws/fcgi-bin/lsnode.js
    at Module._resolveFilename (node:internal/modules/cjs/loader:1048:15)
    at Module._load (node:internal/modules/cjs/loader:901:27)
    at Module.require (node:internal/modules/cjs/loader:1115:19)
    at require (node:internal/modules/helpers:130:18)
    at Object.<anonymous> (/home/kianaiio/public_html/nodejs/app.js:3:17)
    at Module._compile (node:internal/modules/cjs/loader:1241:14)
    at Module._extensions..js (node:internal/modules/cjs/loader:1295:10)
    at Module.load (node:internal/modules/cjs/loader:1091:32)
    at Module._load (node:internal/modules/cjs/loader:938:12)
    at Module.require (node:internal/modules/cjs/loader:1115:19) {
  code: 'MODULE_NOT_FOUND',
  requireStack: [
    '/home/kianaiio/public_html/nodejs/app.js',
    '/usr/local/lsws/fcgi-bin/lsnode.js'
  ]
}

Node.js v20.9.0
node:internal/modules/cjs/loader:1051
  throw err;
  ^

Error: Cannot find module 'express'
Require stack:
- /home/kianaiio/public_html/nodejs/app.js
- /usr/local/lsws/fcgi-bin/lsnode.js
    at Module._resolveFilename (node:internal/modules/cjs/loader:1048:15)
    at Module._load (node:internal/modules/cjs/loader:901:27)
    at Module.require (node:internal/modules/cjs/loader:1115:19)
    at require (node:internal/modules/helpers:130:18)
    at Object.<anonymous> (/home/kianaiio/public_html/nodejs/app.js:3:17)
    at Module._compile (node:internal/modules/cjs/loader:1241:14)
    at Module._extensions..js (node:internal/modules/cjs/loader:1295:10)
    at Module.load (node:internal/modules/cjs/loader:1091:32)
    at Module._load (node:internal/modules/cjs/loader:938:12)
    at Module.require (node:internal/modules/cjs/loader:1115:19) {
  code: 'MODULE_NOT_FOUND',
  requireStack: [
    '/home/kianaiio/public_html/nodejs/app.js',
    '/usr/local/lsws/fcgi-bin/lsnode.js'
  ]
}

Node.js v20.9.0
node:internal/modules/cjs/loader:1051
  throw err;
  ^

Error: Cannot find module 'express'
Require stack:
- /home/kianaiio/public_html/nodejs/app.js
- /usr/local/lsws/fcgi-bin/lsnode.js
    at Module._resolveFilename (node:internal/modules/cjs/loader:1048:15)
    at Module._load (node:internal/modules/cjs/loader:901:27)
    at Module.require (node:internal/modules/cjs/loader:1115:19)
    at require (node:internal/modules/helpers:130:18)
    at Object.<anonymous> (/home/kianaiio/public_html/nodejs/app.js:3:17)
    at Module._compile (node:internal/modules/cjs/loader:1241:14)
    at Module._extensions..js (node:internal/modules/cjs/loader:1295:10)
    at Module.load (node:internal/modules/cjs/loader:1091:32)
    at Module._load (node:internal/modules/cjs/loader:938:12)
    at Module.require (node:internal/modules/cjs/loader:1115:19) {
  code: 'MODULE_NOT_FOUND',
  requireStack: [
    '/home/kianaiio/public_html/nodejs/app.js',
    '/usr/local/lsws/fcgi-bin/lsnode.js'
  ]
}

Node.js v20.9.0
node:internal/modules/cjs/loader:1051
  throw err;
  ^

Error: Cannot find module 'express'
Require stack:
- /home/kianaiio/public_html/nodejs/app.js
- /usr/local/lsws/fcgi-bin/lsnode.js
    at Module._resolveFilename (node:internal/modules/cjs/loader:1048:15)
    at Module._load (node:internal/modules/cjs/loader:901:27)
    at Module.require (node:internal/modules/cjs/loader:1115:19)
    at require (node:internal/modules/helpers:130:18)
    at Object.<anonymous> (/home/kianaiio/public_html/nodejs/app.js:3:17)
    at Module._compile (node:internal/modules/cjs/loader:1241:14)
    at Module._extensions..js (node:internal/modules/cjs/loader:1295:10)
    at Module.load (node:internal/modules/cjs/loader:1091:32)
    at Module._load (node:internal/modules/cjs/loader:938:12)
    at Module.require (node:internal/modules/cjs/loader:1115:19) {
  code: 'MODULE_NOT_FOUND',
  requireStack: [
    '/home/kianaiio/public_html/nodejs/app.js',
    '/usr/local/lsws/fcgi-bin/lsnode.js'
  ]
}

Node.js v20.9.0
node:internal/modules/cjs/loader:1051
  throw err;
  ^

Error: Cannot find module 'express'
Require stack:
- /home/kianaiio/public_html/nodejs/app.js
- /usr/local/lsws/fcgi-bin/lsnode.js
    at Module._resolveFilename (node:internal/modules/cjs/loader:1048:15)
    at Module._load (node:internal/modules/cjs/loader:901:27)
    at Module.require (node:internal/modules/cjs/loader:1115:19)
    at require (node:internal/modules/helpers:130:18)
    at Object.<anonymous> (/home/kianaiio/public_html/nodejs/app.js:3:17)
    at Module._compile (node:internal/modules/cjs/loader:1241:14)
    at Module._extensions..js (node:internal/modules/cjs/loader:1295:10)
    at Module.load (node:internal/modules/cjs/loader:1091:32)
    at Module._load (node:internal/modules/cjs/loader:938:12)
    at Module.require (node:internal/modules/cjs/loader:1115:19) {
  code: 'MODULE_NOT_FOUND',
  requireStack: [
    '/home/kianaiio/public_html/nodejs/app.js',
    '/usr/local/lsws/fcgi-bin/lsnode.js'
  ]
}

Node.js v20.9.0
node:internal/modules/cjs/loader:1051
  throw err;
  ^

Error: Cannot find module 'express'
Require stack:
- /home/kianaiio/public_html/nodejs/app.js
- /usr/local/lsws/fcgi-bin/lsnode.js
    at Module._resolveFilename (node:internal/modules/cjs/loader:1048:15)
    at Module._load (node:internal/modules/cjs/loader:901:27)
    at Module.require (node:internal/modules/cjs/loader:1115:19)
    at require (node:internal/modules/helpers:130:18)
    at Object.<anonymous> (/home/kianaiio/public_html/nodejs/app.js:3:17)
    at Module._compile (node:internal/modules/cjs/loader:1241:14)
    at Module._extensions..js (node:internal/modules/cjs/loader:1295:10)
    at Module.load (node:internal/modules/cjs/loader:1091:32)
    at Module._load (node:internal/modules/cjs/loader:938:12)
    at Module.require (node:internal/modules/cjs/loader:1115:19) {
  code: 'MODULE_NOT_FOUND',
  requireStack: [
    '/home/kianaiio/public_html/nodejs/app.js',
    '/usr/local/lsws/fcgi-bin/lsnode.js'
  ]
}

Node.js v20.9.0
node:internal/modules/cjs/loader:1051
  throw err;
  ^

Error: Cannot find module 'dotenv'
Require stack:
- /home/kianaiio/public_html/nodejs/app.js
- /usr/local/lsws/fcgi-bin/lsnode.js
    at Module._resolveFilename (node:internal/modules/cjs/loader:1048:15)
    at Module._load (node:internal/modules/cjs/loader:901:27)
    at Module.require (node:internal/modules/cjs/loader:1115:19)
    at require (node:internal/modules/helpers:130:18)
    at Object.<anonymous> (/home/kianaiio/public_html/nodejs/app.js:1:16)
    at Module._compile (node:internal/modules/cjs/loader:1241:14)
    at Module._extensions..js (node:internal/modules/cjs/loader:1295:10)
    at Module.load (node:internal/modules/cjs/loader:1091:32)
    at Module._load (node:internal/modules/cjs/loader:938:12)
    at Module.require (node:internal/modules/cjs/loader:1115:19) {
  code: 'MODULE_NOT_FOUND',
  requireStack: [
    '/home/kianaiio/public_html/nodejs/app.js',
    '/usr/local/lsws/fcgi-bin/lsnode.js'
  ]
}

Node.js v20.9.0
node:internal/modules/cjs/loader:1051
  throw err;
  ^

Error: Cannot find module 'dotenv'
Require stack:
- /home/kianaiio/public_html/nodejs/app.js
- /usr/local/lsws/fcgi-bin/lsnode.js
    at Module._resolveFilename (node:internal/modules/cjs/loader:1048:15)
    at Module._load (node:internal/modules/cjs/loader:901:27)
    at Module.require (node:internal/modules/cjs/loader:1115:19)
    at require (node:internal/modules/helpers:130:18)
    at Object.<anonymous> (/home/kianaiio/public_html/nodejs/app.js:1:16)
    at Module._compile (node:internal/modules/cjs/loader:1241:14)
    at Module._extensions..js (node:internal/modules/cjs/loader:1295:10)
    at Module.load (node:internal/modules/cjs/loader:1091:32)
    at Module._load (node:internal/modules/cjs/loader:938:12)
    at Module.require (node:internal/modules/cjs/loader:1115:19) {
  code: 'MODULE_NOT_FOUND',
  requireStack: [
    '/home/kianaiio/public_html/nodejs/app.js',
    '/usr/local/lsws/fcgi-bin/lsnode.js'
  ]
}

Node.js v20.9.0
node:internal/modules/cjs/loader:1051
  throw err;
  ^

Error: Cannot find module './routers'
Require stack:
- /home/kianaiio/public_html/nodejs/app.js
- /usr/local/lsws/fcgi-bin/lsnode.js
    at Module._resolveFilename (node:internal/modules/cjs/loader:1048:15)
    at Module._load (node:internal/modules/cjs/loader:901:27)
    at Module.require (node:internal/modules/cjs/loader:1115:19)
    at require (node:internal/modules/helpers:130:18)
    at Object.<anonymous> (/home/kianaiio/public_html/nodejs/app.js:8:16)
    at Module._compile (node:internal/modules/cjs/loader:1241:14)
    at Module._extensions..js (node:internal/modules/cjs/loader:1295:10)
    at Module.load (node:internal/modules/cjs/loader:1091:32)
    at Module._load (node:internal/modules/cjs/loader:938:12)
    at Module.require (node:internal/modules/cjs/loader:1115:19) {
  code: 'MODULE_NOT_FOUND',
  requireStack: [
    '/home/kianaiio/public_html/nodejs/app.js',
    '/usr/local/lsws/fcgi-bin/lsnode.js'
  ]
}

Node.js v20.9.0
node:internal/modules/cjs/loader:1051
  throw err;
  ^

Error: Cannot find module './routers'
Require stack:
- /home/kianaiio/public_html/nodejs/app.js
- /usr/local/lsws/fcgi-bin/lsnode.js
    at Module._resolveFilename (node:internal/modules/cjs/loader:1048:15)
    at Module._load (node:internal/modules/cjs/loader:901:27)
    at Module.require (node:internal/modules/cjs/loader:1115:19)
    at require (node:internal/modules/helpers:130:18)
    at Object.<anonymous> (/home/kianaiio/public_html/nodejs/app.js:8:16)
    at Module._compile (node:internal/modules/cjs/loader:1241:14)
    at Module._extensions..js (node:internal/modules/cjs/loader:1295:10)
    at Module.load (node:internal/modules/cjs/loader:1091:32)
    at Module._load (node:internal/modules/cjs/loader:938:12)
    at Module.require (node:internal/modules/cjs/loader:1115:19) {
  code: 'MODULE_NOT_FOUND',
  requireStack: [
    '/home/kianaiio/public_html/nodejs/app.js',
    '/usr/local/lsws/fcgi-bin/lsnode.js'
  ]
}

Node.js v20.9.0
node:internal/modules/cjs/loader:1051
  throw err;
  ^

Error: Cannot find module './routers'
Require stack:
- /home/kianaiio/public_html/nodejs/app.js
- /usr/local/lsws/fcgi-bin/lsnode.js
    at Module._resolveFilename (node:internal/modules/cjs/loader:1048:15)
    at Module._load (node:internal/modules/cjs/loader:901:27)
    at Module.require (node:internal/modules/cjs/loader:1115:19)
    at require (node:internal/modules/helpers:130:18)
    at Object.<anonymous> (/home/kianaiio/public_html/nodejs/app.js:8:16)
    at Module._compile (node:internal/modules/cjs/loader:1241:14)
    at Module._extensions..js (node:internal/modules/cjs/loader:1295:10)
    at Module.load (node:internal/modules/cjs/loader:1091:32)
    at Module._load (node:internal/modules/cjs/loader:938:12)
    at Module.require (node:internal/modules/cjs/loader:1115:19) {
  code: 'MODULE_NOT_FOUND',
  requireStack: [
    '/home/kianaiio/public_html/nodejs/app.js',
    '/usr/local/lsws/fcgi-bin/lsnode.js'
  ]
}

Node.js v20.9.0
node:internal/modules/cjs/loader:1051
  throw err;
  ^

Error: Cannot find module './routers'
Require stack:
- /home/kianaiio/public_html/nodejs/app.js
- /usr/local/lsws/fcgi-bin/lsnode.js
    at Module._resolveFilename (node:internal/modules/cjs/loader:1048:15)
    at Module._load (node:internal/modules/cjs/loader:901:27)
    at Module.require (node:internal/modules/cjs/loader:1115:19)
    at require (node:internal/modules/helpers:130:18)
    at Object.<anonymous> (/home/kianaiio/public_html/nodejs/app.js:8:16)
    at Module._compile (node:internal/modules/cjs/loader:1241:14)
    at Module._extensions..js (node:internal/modules/cjs/loader:1295:10)
    at Module.load (node:internal/modules/cjs/loader:1091:32)
    at Module._load (node:internal/modules/cjs/loader:938:12)
    at Module.require (node:internal/modules/cjs/loader:1115:19) {
  code: 'MODULE_NOT_FOUND',
  requireStack: [
    '/home/kianaiio/public_html/nodejs/app.js',
    '/usr/local/lsws/fcgi-bin/lsnode.js'
  ]
}

Node.js v20.9.0
node:internal/modules/cjs/loader:1051
  throw err;
  ^

Error: Cannot find module './routers'
Require stack:
- /home/kianaiio/public_html/nodejs/app.js
- /usr/local/lsws/fcgi-bin/lsnode.js
    at Module._resolveFilename (node:internal/modules/cjs/loader:1048:15)
    at Module._load (node:internal/modules/cjs/loader:901:27)
    at Module.require (node:internal/modules/cjs/loader:1115:19)
    at require (node:internal/modules/helpers:130:18)
    at Object.<anonymous> (/home/kianaiio/public_html/nodejs/app.js:8:16)
    at Module._compile (node:internal/modules/cjs/loader:1241:14)
    at Module._extensions..js (node:internal/modules/cjs/loader:1295:10)
    at Module.load (node:internal/modules/cjs/loader:1091:32)
    at Module._load (node:internal/modules/cjs/loader:938:12)
    at Module.require (node:internal/modules/cjs/loader:1115:19) {
  code: 'MODULE_NOT_FOUND',
  requireStack: [
    '/home/kianaiio/public_html/nodejs/app.js',
    '/usr/local/lsws/fcgi-bin/lsnode.js'
  ]
}

Node.js v20.9.0
node:internal/modules/cjs/loader:1051
  throw err;
  ^

Error: Cannot find module './routers'
Require stack:
- /home/kianaiio/public_html/nodejs/app.js
- /usr/local/lsws/fcgi-bin/lsnode.js
    at Module._resolveFilename (node:internal/modules/cjs/loader:1048:15)
    at Module._load (node:internal/modules/cjs/loader:901:27)
    at Module.require (node:internal/modules/cjs/loader:1115:19)
    at require (node:internal/modules/helpers:130:18)
    at Object.<anonymous> (/home/kianaiio/public_html/nodejs/app.js:8:16)
    at Module._compile (node:internal/modules/cjs/loader:1241:14)
    at Module._extensions..js (node:internal/modules/cjs/loader:1295:10)
    at Module.load (node:internal/modules/cjs/loader:1091:32)
    at Module._load (node:internal/modules/cjs/loader:938:12)
    at Module.require (node:internal/modules/cjs/loader:1115:19) {
  code: 'MODULE_NOT_FOUND',
  requireStack: [
    '/home/kianaiio/public_html/nodejs/app.js',
    '/usr/local/lsws/fcgi-bin/lsnode.js'
  ]
}

Node.js v20.9.0
node:internal/modules/cjs/loader:1051
  throw err;
  ^

Error: Cannot find module './routers'
Require stack:
- /home/kianaiio/public_html/nodejs/app.js
- /usr/local/lsws/fcgi-bin/lsnode.js
    at Module._resolveFilename (node:internal/modules/cjs/loader:1048:15)
    at Module._load (node:internal/modules/cjs/loader:901:27)
    at Module.require (node:internal/modules/cjs/loader:1115:19)
    at require (node:internal/modules/helpers:130:18)
    at Object.<anonymous> (/home/kianaiio/public_html/nodejs/app.js:8:16)
    at Module._compile (node:internal/modules/cjs/loader:1241:14)
    at Module._extensions..js (node:internal/modules/cjs/loader:1295:10)
    at Module.load (node:internal/modules/cjs/loader:1091:32)
    at Module._load (node:internal/modules/cjs/loader:938:12)
    at Module.require (node:internal/modules/cjs/loader:1115:19) {
  code: 'MODULE_NOT_FOUND',
  requireStack: [
    '/home/kianaiio/public_html/nodejs/app.js',
    '/usr/local/lsws/fcgi-bin/lsnode.js'
  ]
}

Node.js v20.9.0
node:internal/modules/cjs/loader:1051
  throw err;
  ^

Error: Cannot find module './routers'
Require stack:
- /home/kianaiio/public_html/nodejs/app.js
- /usr/local/lsws/fcgi-bin/lsnode.js
    at Module._resolveFilename (node:internal/modules/cjs/loader:1048:15)
    at Module._load (node:internal/modules/cjs/loader:901:27)
    at Module.require (node:internal/modules/cjs/loader:1115:19)
    at require (node:internal/modules/helpers:130:18)
    at Object.<anonymous> (/home/kianaiio/public_html/nodejs/app.js:8:16)
    at Module._compile (node:internal/modules/cjs/loader:1241:14)
    at Module._extensions..js (node:internal/modules/cjs/loader:1295:10)
    at Module.load (node:internal/modules/cjs/loader:1091:32)
    at Module._load (node:internal/modules/cjs/loader:938:12)
    at Module.require (node:internal/modules/cjs/loader:1115:19) {
  code: 'MODULE_NOT_FOUND',
  requireStack: [
    '/home/kianaiio/public_html/nodejs/app.js',
    '/usr/local/lsws/fcgi-bin/lsnode.js'
  ]
}

Node.js v20.9.0
node:internal/modules/cjs/loader:1051
  throw err;
  ^

Error: Cannot find module './routers'
Require stack:
- /home/kianaiio/public_html/nodejs/app.js
- /usr/local/lsws/fcgi-bin/lsnode.js
    at Module._resolveFilename (node:internal/modules/cjs/loader:1048:15)
    at Module._load (node:internal/modules/cjs/loader:901:27)
    at Module.require (node:internal/modules/cjs/loader:1115:19)
    at require (node:internal/modules/helpers:130:18)
    at Object.<anonymous> (/home/kianaiio/public_html/nodejs/app.js:8:16)
    at Module._compile (node:internal/modules/cjs/loader:1241:14)
    at Module._extensions..js (node:internal/modules/cjs/loader:1295:10)
    at Module.load (node:internal/modules/cjs/loader:1091:32)
    at Module._load (node:internal/modules/cjs/loader:938:12)
    at Module.require (node:internal/modules/cjs/loader:1115:19) {
  code: 'MODULE_NOT_FOUND',
  requireStack: [
    '/home/kianaiio/public_html/nodejs/app.js',
    '/usr/local/lsws/fcgi-bin/lsnode.js'
  ]
}

Node.js v20.9.0
node:internal/modules/cjs/loader:1051
  throw err;
  ^

Error: Cannot find module './routers'
Require stack:
- /home/kianaiio/public_html/nodejs/app.js
- /usr/local/lsws/fcgi-bin/lsnode.js
    at Module._resolveFilename (node:internal/modules/cjs/loader:1048:15)
    at Module._load (node:internal/modules/cjs/loader:901:27)
    at Module.require (node:internal/modules/cjs/loader:1115:19)
    at require (node:internal/modules/helpers:130:18)
    at Object.<anonymous> (/home/kianaiio/public_html/nodejs/app.js:8:16)
    at Module._compile (node:internal/modules/cjs/loader:1241:14)
    at Module._extensions..js (node:internal/modules/cjs/loader:1295:10)
    at Module.load (node:internal/modules/cjs/loader:1091:32)
    at Module._load (node:internal/modules/cjs/loader:938:12)
    at Module.require (node:internal/modules/cjs/loader:1115:19) {
  code: 'MODULE_NOT_FOUND',
  requireStack: [
    '/home/kianaiio/public_html/nodejs/app.js',
    '/usr/local/lsws/fcgi-bin/lsnode.js'
  ]
}

Node.js v20.9.0
node:internal/modules/cjs/loader:1051
  throw err;
  ^

Error: Cannot find module './routers'
Require stack:
- /home/kianaiio/public_html/nodejs/app.js
- /usr/local/lsws/fcgi-bin/lsnode.js
    at Module._resolveFilename (node:internal/modules/cjs/loader:1048:15)
    at Module._load (node:internal/modules/cjs/loader:901:27)
    at Module.require (node:internal/modules/cjs/loader:1115:19)
    at require (node:internal/modules/helpers:130:18)
    at Object.<anonymous> (/home/kianaiio/public_html/nodejs/app.js:8:16)
    at Module._compile (node:internal/modules/cjs/loader:1241:14)
    at Module._extensions..js (node:internal/modules/cjs/loader:1295:10)
    at Module.load (node:internal/modules/cjs/loader:1091:32)
    at Module._load (node:internal/modules/cjs/loader:938:12)
    at Module.require (node:internal/modules/cjs/loader:1115:19) {
  code: 'MODULE_NOT_FOUND',
  requireStack: [
    '/home/kianaiio/public_html/nodejs/app.js',
    '/usr/local/lsws/fcgi-bin/lsnode.js'
  ]
}

Node.js v20.9.0
